[2026-03-23 08:27:21] Bot execution started (force_run=False)
[2026-03-23 08:27:21] Checking internet connection...
[2026-03-23 08:27:27] Internet detected.
[2026-03-23 08:30:36] Bot execution started (force_run=True)
[2026-03-23 08:30:36] Checking internet connection...
[2026-03-23 08:30:41] Internet detected.
[2026-03-23 08:30:43] Found changes in 2 repositories.
[2026-03-23 08:30:43] Processing repo: D:\Projects\auto-commit-bot
[2026-03-23 08:30:51] Successfully pushed changes for D:\Projects\auto-commit-bot
[2026-03-23 08:30:51] Processing repo: D:\Projects\ama-yield-ace
[2026-03-23 08:31:31] Bot execution started (force_run=False)
[2026-03-23 08:31:31] Checking internet connection...
[2026-03-23 08:31:36] Internet detected.
[2026-03-23 08:31:40] Found changes in 2 repositories.
[2026-03-23 08:31:40] Processing repo: D:\Projects\auto-commit-bot
[2026-03-23 08:31:44] Successfully pushed changes for D:\Projects\auto-commit-bot
[2026-03-23 08:31:44] Processing repo: D:\Projects\ama-yield-ace
[2026-03-23 12:07:46] Bot execution started (force_run=False)
[2026-03-23 12:07:46] Checking internet connection...
[2026-03-23 12:07:51] Internet detected.
[2026-03-23 12:07:53] Found changes in 2 repositories.
[2026-03-23 12:07:53] Processing repo: D:\Projects\auto-commit-bot
[2026-03-23 12:08:00] Successfully pushed changes for D:\Projects\auto-commit-bot
[2026-03-23 12:08:00] Processing repo: D:\Projects\ama-yield-ace
[2026-03-23 12:09:10] Bot execution started (force_run=False)
[2026-03-23 12:09:10] Checking internet connection...
[2026-03-23 12:09:15] Internet detected.
[2026-03-23 12:09:17] Found changes in 2 repositories.
[2026-03-23 12:09:17] Processing repo: D:\Projects\auto-commit-bot
[2026-03-23 12:09:20] Successfully pushed changes for D:\Projects\auto-commit-bot
[2026-03-23 12:09:20] Processing repo: D:\Projects\ama-yield-ace
[2026-03-23 12:22:22] Bot execution started (force_run=False)
[2026-03-23 12:22:22] Checking internet connection...
[2026-03-23 12:22:27] Internet detected.
[2026-03-23 12:22:30] Found changes in 2 repositories.
[2026-03-23 12:22:30] Processing repo: D:\Projects\auto-commit-bot
[2026-03-23 12:22:34] Successfully pushed changes for D:\Projects\auto-commit-bot
[2026-03-23 12:22:34] Processing repo: D:\Projects\ama-yield-ace
[2026-03-25 23:11:52] Bot execution started (force_run=True)
[2026-03-25 23:11:52] Checking internet connection...
[2026-03-25 23:11:57] Internet detected.
[2026-03-25 23:12:00] Found changes in 2 repositories.
[2026-03-25 23:12:00] Processing repo: D:\Projects\auto-commit-bot
[2026-03-25 23:12:07] Successfully pushed changes for D:\Projects\auto-commit-bot
[2026-03-25 23:12:07] Processing repo: D:\Projects\ama-yield-ace
[2026-03-25 23:12:28] Bot execution started (force_run=True)
[2026-03-25 23:12:28] Checking internet connection...
[2026-03-25 23:12:33] Internet detected.
[2026-03-25 23:12:34] Found changes in 1 repositories.
[2026-03-25 23:12:34] Processing repo: D:\Projects\auto-commit-bot
[2026-03-25 23:12:40] Successfully pushed changes for D:\Projects\auto-commit-bot
[2026-03-25 23:12:43] Bot execution started (force_run=True)
[2026-03-25 23:12:43] Checking internet connection...
[2026-03-25 23:12:48] Internet detected.
[2026-03-25 23:12:50] Found changes in 1 repositories.
[2026-03-25 23:12:50] Processing repo: D:\Projects\auto-commit-bot
[2026-03-25 23:12:57] Successfully pushed changes for D:\Projects\auto-commit-bot
[2026-03-25 23:13:16] Bot execution started (force_run=True)
[2026-03-25 23:13:16] Checking internet connection...
[2026-03-25 23:13:21] Internet detected.
[2026-03-25 23:13:23] No user changes found. Performing random activity commit.
[2026-03-25 23:13:23] Selected repository for random activity: D:\Projects\Number_guessing_game
[2026-03-25 23:13:25] Successfully pushed random activity for D:\Projects\Number_guessing_game
[2026-03-25 23:13:27] Bot execution started (force_run=True)
[2026-03-25 23:13:27] Checking internet connection...
[2026-03-25 23:13:32] Internet detected.
[2026-03-25 23:13:34] No user changes found. Performing random activity commit.
[2026-03-25 23:13:34] Selected repository for random activity: D:\Projects\Number_guessing_game
[2026-03-25 23:13:36] Successfully pushed random activity for D:\Projects\Number_guessing_game
[2026-03-25 23:13:38] Bot execution started (force_run=True)
[2026-03-25 23:13:38] Checking internet connection...
[2026-03-25 23:13:43] Internet detected.
[2026-03-25 23:13:45] No user changes found. Performing random activity commit.
[2026-03-25 23:13:45] Selected repository for random activity: D:\Projects\PDFMerger
[2026-03-25 23:13:47] Successfully pushed random activity for D:\Projects\PDFMerger
[2026-03-25 23:13:50] Bot execution started (force_run=True)
[2026-03-25 23:13:50] Checking internet connection...
[2026-03-25 23:13:55] Internet detected.
[2026-03-25 23:13:57] No user changes found. Performing random activity commit.
[2026-03-25 23:13:57] Selected repository for random activity: D:\Projects\PDFMerger
[2026-03-25 23:13:59] Successfully pushed random activity for D:\Projects\PDFMerger
[2026-03-25 23:14:01] Bot execution started (force_run=True)
[2026-03-25 23:14:01] Checking internet connection...
[2026-03-25 23:14:06] Internet detected.
[2026-03-25 23:14:07] No user changes found. Performing random activity commit.
[2026-03-25 23:14:07] Selected repository for random activity: D:\Projects\FirstApp
[2026-03-25 23:14:11] Successfully pushed random activity for D:\Projects\FirstApp
[2026-03-25 23:14:14] Bot execution started (force_run=True)
[2026-03-25 23:14:14] Checking internet connection...
[2026-03-25 23:14:19] Internet detected.
[2026-03-25 23:14:20] No user changes found. Performing random activity commit.
[2026-03-25 23:14:20] Selected repository for random activity: D:\Projects\FirstApp
[2026-03-25 23:14:22] Successfully pushed random activity for D:\Projects\FirstApp
[2026-03-25 23:15:02] Bot execution started (force_run=True)
[2026-03-25 23:15:02] Checking internet connection...
[2026-03-25 23:15:07] Internet detected.
[2026-03-25 23:15:08] No user changes found. Performing random activity commit.
[2026-03-25 23:15:08] Selected repository for random activity: D:\Projects\RPS_game
[2026-03-25 23:15:11] Successfully pushed random activity for D:\Projects\RPS_game
